<?xml version="1.0" encoding="UTF-8"?>
<!-- Generated by org.testng.reporters.JUnitReportReporter -->
<testsuite hostname="Ravi" failures="0" tests="1" name="TestNG.TakeScreenShot" time="17.370" errors="0" timestamp="2023-08-30T08:09:05 IST" skipped="0">
  <testcase classname="TestNG.TakeScreenShot" name="m1" time="17.370"/>
</testsuite> <!-- TestNG.TakeScreenShot -->
