<?xml version="1.0" encoding="UTF-8"?>
<!-- Generated by org.testng.reporters.JUnitReportReporter -->
<testsuite hostname="Ravi" failures="0" tests="2" name="TestNG.Annotation" time="0.023" errors="0" timestamp="2023-08-27T08:32:28 IST" skipped="0">
  <testcase classname="TestNG.Annotation" name="CreateContact" time="0.018"/>
  <system-out/>
  <testcase classname="TestNG.Annotation" name="CreateContact2" time="0.005"/>
  <system-out/>
</testsuite> <!-- TestNG.Annotation -->
